# JRE version: Java(TM) SE Runtime Environment (8.0_20-b26) (build 1.8.0_20-b26)
# Java VM: Java HotSpot(TM) 64-Bit Server VM (25.20-b23 mixed mode bsd-amd64 compressed oops)
Heap:
 PSYoungGen      total 76288K, used 58130K [0x00000007b5980000, 0x00000007bbf80000, 0x00000007c0000000)
  eden space 65536K, 72% used [0x00000007b5980000,0x00000007b87c8b08,0x00000007b9980000)
  from space 10752K, 99% used [0x00000007b9980000,0x00000007ba3fc020,0x00000007ba400000)
  to   space 10752K, 0% used [0x00000007bb500000,0x00000007bb500000,0x00000007bbf80000)
 ParOldGen       total 126464K, used 13844K [0x00000007a0c00000, 0x00000007a8780000, 0x00000007b5980000)
  object space 126464K, 10% used [0x00000007a0c00000,0x00000007a19853a8,0x00000007a8780000)
 Metaspace       used 30613K, capacity 31582K, committed 31664K, reserved 1075200K
  class space    used 5439K, capacity 5745K, committed 5808K, reserved 1048576K
GC Heap History (8 events):
Event: 0.718 GC heap before
{Heap before GC invocations=1 (full 0):
 PSYoungGen      total 76288K, used 19661K [0x00000007b5980000, 0x00000007bae80000, 0x00000007c0000000)
  eden space 65536K, 30% used [0x00000007b5980000,0x00000007b6cb3728,0x00000007b9980000)
  from space 10752K, 0% used [0x00000007ba400000,0x00000007ba400000,0x00000007bae80000)
  to   space 10752K, 0% used [0x00000007b9980000,0x00000007b9980000,0x00000007ba400000)
 ParOldGen       total 175104K, used 0K [0x00000007a0c00000, 0x00000007ab700000, 0x00000007b5980000)
  object space 175104K, 0% used [0x00000007a0c00000,0x00000007a0c00000,0x00000007ab700000)
 Metaspace       used 21065K, capacity 21176K, committed 21296K, reserved 1067008K
  class space    used 3854K, capacity 3859K, committed 3888K, reserved 1048576K
Event: 0.724 GC heap after
Heap after GC invocations=1 (full 0):
 PSYoungGen      total 76288K, used 5934K [0x00000007b5980000, 0x00000007bae80000, 0x00000007c0000000)
  eden space 65536K, 0% used [0x00000007b5980000,0x00000007b5980000,0x00000007b9980000)
  from space 10752K, 55% used [0x00000007b9980000,0x00000007b9f4b9f0,0x00000007ba400000)
  to   space 10752K, 0% used [0x00000007ba400000,0x00000007ba400000,0x00000007bae80000)
 ParOldGen       total 175104K, used 16K [0x00000007a0c00000, 0x00000007ab700000, 0x00000007b5980000)
  object space 175104K, 0% used [0x00000007a0c00000,0x00000007a0c04000,0x00000007ab700000)
 Metaspace       used 21065K, capacity 21176K, committed 21296K, reserved 1067008K
  class space    used 3854K, capacity 3859K, committed 3888K, reserved 1048576K
}
Event: 0.724 GC heap before
{Heap before GC invocations=2 (full 1):
 PSYoungGen      total 76288K, used 5934K [0x00000007b5980000, 0x00000007bae80000, 0x00000007c0000000)
  eden space 65536K, 0% used [0x00000007b5980000,0x00000007b5980000,0x00000007b9980000)
  from space 10752K, 55% used [0x00000007b9980000,0x00000007b9f4b9f0,0x00000007ba400000)
  to   space 10752K, 0% used [0x00000007ba400000,0x00000007ba400000,0x00000007bae80000)
 ParOldGen       total 175104K, used 16K [0x00000007a0c00000, 0x00000007ab700000, 0x00000007b5980000)
  object space 175104K, 0% used [0x00000007a0c00000,0x00000007a0c04000,0x00000007ab700000)
 Metaspace       used 21065K, capacity 21176K, committed 21296K, reserved 1067008K
  class space    used 3854K, capacity 3859K, committed 3888K, reserved 1048576K
Event: 0.754 GC heap after
Heap after GC invocations=2 (full 1):
 PSYoungGen      total 76288K, used 0K [0x00000007b5980000, 0x00000007bae80000, 0x00000007c0000000)
  eden space 65536K, 0% used [0x00000007b5980000,0x00000007b5980000,0x00000007b9980000)
  from space 10752K, 0% used [0x00000007b9980000,0x00000007b9980000,0x00000007ba400000)
  to   space 10752K, 0% used [0x00000007ba400000,0x00000007ba400000,0x00000007bae80000)
 ParOldGen       total 126464K, used 5783K [0x00000007a0c00000, 0x00000007a8780000, 0x00000007b5980000)
  object space 126464K, 4% used [0x00000007a0c00000,0x00000007a11a5c58,0x00000007a8780000)
 Metaspace       used 21065K, capacity 21176K, committed 21296K, reserved 1067008K
  class space    used 3854K, capacity 3859K, committed 3888K, reserved 1048576K
}
Event: 1.592 GC heap before
{Heap before GC invocations=3 (full 1):
 PSYoungGen      total 76288K, used 65536K [0x00000007b5980000, 0x00000007bae80000, 0x00000007c0000000)
  eden space 65536K, 100% used [0x00000007b5980000,0x00000007b9980000,0x00000007b9980000)
  from space 10752K, 0% used [0x00000007b9980000,0x00000007b9980000,0x00000007ba400000)
  to   space 10752K, 0% used [0x00000007ba400000,0x00000007ba400000,0x00000007bae80000)
 ParOldGen       total 126464K, used 5783K [0x00000007a0c00000, 0x00000007a8780000, 0x00000007b5980000)
  object space 126464K, 4% used [0x00000007a0c00000,0x00000007a11a5c58,0x00000007a8780000)
 Metaspace       used 26689K, capacity 26938K, committed 27184K, reserved 1071104K
  class space    used 4726K, capacity 4812K, committed 4912K, reserved 1048576K
Event: 1.603 GC heap after
Heap after GC invocations=3 (full 1):
 PSYoungGen      total 76288K, used 10720K [0x00000007b5980000, 0x00000007bbc00000, 0x00000007c0000000)
  eden space 65536K, 0% used [0x00000007b5980000,0x00000007b5980000,0x00000007b9980000)
  from space 10752K, 99% used [0x00000007ba400000,0x00000007bae78030,0x00000007bae80000)
  to   space 10752K, 0% used [0x00000007b9980000,0x00000007b9980000,0x00000007ba400000)
 ParOldGen       total 126464K, used 7080K [0x00000007a0c00000, 0x00000007a8780000, 0x00000007b5980000)
  object space 126464K, 5% used [0x00000007a0c00000,0x00000007a12ea298,0x00000007a8780000)
 Metaspace       used 26689K, capacity 26938K, committed 27184K, reserved 1071104K
  class space    used 4726K, capacity 4812K, committed 4912K, reserved 1048576K
}
Event: 2.207 GC heap before
{Heap before GC invocations=4 (full 1):
 PSYoungGen      total 76288K, used 76256K [0x00000007b5980000, 0x00000007bbc00000, 0x00000007c0000000)
  eden space 65536K, 100% used [0x00000007b5980000,0x00000007b9980000,0x00000007b9980000)
  from space 10752K, 99% used [0x00000007ba400000,0x00000007bae78030,0x00000007bae80000)
  to   space 10752K, 0% used [0x00000007b9980000,0x00000007b9980000,0x00000007ba400000)
 ParOldGen       total 126464K, used 7080K [0x00000007a0c00000, 0x00000007a8780000, 0x00000007b5980000)
  object space 126464K, 5% used [0x00000007a0c00000,0x00000007a12ea298,0x00000007a8780000)
 Metaspace       used 29323K, capacity 29872K, committed 30128K, reserved 1073152K
  class space    used 5287K, capacity 5463K, committed 5552K, reserved 1048576K
Event: 2.221 GC heap after
Heap after GC invocations=4 (full 1):
 PSYoungGen      total 76288K, used 10736K [0x00000007b5980000, 0x00000007bbf80000, 0x00000007c0000000)
  eden space 65536K, 0% used [0x00000007b5980000,0x00000007b5980000,0x00000007b9980000)
  from space 10752K, 99% used [0x00000007b9980000,0x00000007ba3fc020,0x00000007ba400000)
  to   space 10752K, 0% used [0x00000007bb500000,0x00000007bb500000,0x00000007bbf80000)
 ParOldGen       total 126464K, used 13844K [0x00000007a0c00000, 0x00000007a8780000, 0x00000007b5980000)
  object space 126464K, 10% used [0x00000007a0c00000,0x00000007a19853a8,0x00000007a8780000)
 Metaspace       used 29323K, capacity 29872K, committed 30128K, reserved 1073152K
  class space    used 5287K, capacity 5463K, committed 5552K, reserved 1048576K
}

